Arguments: 
  /Users/dongjiezhou/.nvm/versions/node/v16.14.2/bin/node /Users/dongjiezhou/.nvm/versions/node/v16.14.2/bin/yarn

PATH: 
  /Users/dongjiezhou/.nvm/versions/node/v16.14.2/bin:/usr/local/bin:/usr/local/sbin:/usr/local/bin:/usr/bin:/bin:/usr/sbin:/sbin:/Users/dongjiezhou/.nvm/versions/node/v16.14.2/bin:/usr/local/sbin

Yarn version: 
  1.22.18

Node version: 
  16.14.2

Platform: 
  darwin x64

Trace: 
  Error: https://registry.npmjs.org/@babel%2fcore: ETIMEDOUT
      at Timeout._onTimeout (/Users/dongjiezhou/.nvm/versions/node/v16.14.2/lib/node_modules/yarn/lib/cli.js:141543:19)
      at listOnTimeout (node:internal/timers:559:17)
      at processTimers (node:internal/timers:502:7)

npm manifest: 
  {
    "name": "dom-zoom",
    "version": "1.0.1",
    "description": "节点缩放改变大小插件",
    "homepage": "https://github.com/vue-componet/dom-zoom",
    "main": "dist/DomZoom.cjs.js",
    "module": "dist/DomZoom.esm.js",
    "scripts": {
      "dev": "npm run lint && rollup --watch --config rollup.config.js",
      "build": "npm run lint && rollup --config rollup.config.js",
      "lint": "eslint --fix",
      "prettier": "prettier --write ."
    },
    "author": "dongdongjie",
    "license": "ISC",
    "devDependencies": {
      "@babel/core": "^7.18.9",
      "@babel/preset-env": "^7.18.9",
      "@rollup/plugin-babel": "^5.3.1",
      "@rollup/plugin-commonjs": "^22.0.1",
      "@rollup/plugin-node-resolve": "^13.3.0",
      "eslint": "^8.20.0",
      "eslint-config-prettier": "^8.5.0",
      "eslint-plugin-prettier": "3.4.1",
      "prettier": "^2.7.1",
      "rollup": "^2.77.2",
      "rollup-plugin-eslint": "^7.0.0",
      "rollup-plugin-filesize": "^9.1.2",
      "rollup-plugin-terser": "^7.0.2"
    },
    "dependencies": {}
  }

yarn manifest: 
  No manifest

Lockfile: 
  No lockfile
